{"C:\\Users\\Vova.Evdokimovich\\Desktop\\fullstack-app-front-end\\src\\components\\blogs\\create-form.js": {"path":"C:\\Users\\Vova.Evdokimovich\\Desktop\\fullstack-app-front-end\\src\\components\\blogs\\create-form.js","statementMap":{"0":{"start":{"line":6,"column":19},"end":{"line":37,"column":1}},"1":{"start":{"line":7,"column":2},"end":{"line":36,"column":3}},"2":{"start":{"line":15,"column":36},"end":{"line":15,"column":58}},"3":{"start":{"line":23,"column":36},"end":{"line":23,"column":59}},"4":{"start":{"line":31,"column":36},"end":{"line":31,"column":56}}},"fnMap":{"0":{"name":"(anonymous_0)","decl":{"start":{"line":6,"column":19},"end":{"line":6,"column":20}},"loc":{"start":{"line":6,"column":88},"end":{"line":37,"column":1}},"line":6},"1":{"name":"(anonymous_1)","decl":{"start":{"line":15,"column":20},"end":{"line":15,"column":21}},"loc":{"start":{"line":15,"column":36},"end":{"line":15,"column":58}},"line":15},"2":{"name":"(anonymous_2)","decl":{"start":{"line":23,"column":20},"end":{"line":23,"column":21}},"loc":{"start":{"line":23,"column":36},"end":{"line":23,"column":59}},"line":23},"3":{"name":"(anonymous_3)","decl":{"start":{"line":31,"column":20},"end":{"line":31,"column":21}},"loc":{"start":{"line":31,"column":36},"end":{"line":31,"column":56}},"line":31}},"branchMap":{},"s":{"0":1,"1":1,"2":1,"3":1,"4":1},"f":{"0":1,"1":1,"2":1,"3":1},"b":{},"_coverageSchema":"43e27e138ebf9cfc5966b082cf9a028302ed4184","hash":"1c3d781054e7bf3bfd6b64de3ed84db5ec0a4752"}
,"C:\\Users\\Vova.Evdokimovich\\Desktop\\fullstack-app-front-end\\src\\components\\blogs\\login-form.js": {"path":"C:\\Users\\Vova.Evdokimovich\\Desktop\\fullstack-app-front-end\\src\\components\\blogs\\login-form.js","statementMap":{"0":{"start":{"line":6,"column":18},"end":{"line":28,"column":1}},"1":{"start":{"line":7,"column":2},"end":{"line":27,"column":3}},"2":{"start":{"line":14,"column":36},"end":{"line":14,"column":58}},"3":{"start":{"line":22,"column":36},"end":{"line":22,"column":61}},"4":{"start":{"line":30,"column":0},"end":{"line":36,"column":1}}},"fnMap":{"0":{"name":"(anonymous_0)","decl":{"start":{"line":6,"column":18},"end":{"line":6,"column":19}},"loc":{"start":{"line":6,"column":74},"end":{"line":28,"column":1}},"line":6},"1":{"name":"(anonymous_1)","decl":{"start":{"line":14,"column":20},"end":{"line":14,"column":21}},"loc":{"start":{"line":14,"column":36},"end":{"line":14,"column":58}},"line":14},"2":{"name":"(anonymous_2)","decl":{"start":{"line":22,"column":20},"end":{"line":22,"column":21}},"loc":{"start":{"line":22,"column":36},"end":{"line":22,"column":61}},"line":22}},"branchMap":{},"s":{"0":1,"1":1,"2":1,"3":1,"4":1},"f":{"0":1,"1":1,"2":1},"b":{},"_coverageSchema":"43e27e138ebf9cfc5966b082cf9a028302ed4184","hash":"27f33553e473e90d83c82562c5d8742517f7deb2"}
,"C:\\Users\\Vova.Evdokimovich\\Desktop\\fullstack-app-front-end\\src\\components\\phone-book\\person-form.js": {"path":"C:\\Users\\Vova.Evdokimovich\\Desktop\\fullstack-app-front-end\\src\\components\\phone-book\\person-form.js","statementMap":{"0":{"start":{"line":5,"column":19},"end":{"line":25,"column":1}},"1":{"start":{"line":6,"column":2},"end":{"line":24,"column":3}}},"fnMap":{"0":{"name":"(anonymous_0)","decl":{"start":{"line":5,"column":19},"end":{"line":5,"column":20}},"loc":{"start":{"line":5,"column":75},"end":{"line":25,"column":1}},"line":5}},"branchMap":{},"s":{"0":1,"1":1},"f":{"0":1},"b":{},"_coverageSchema":"43e27e138ebf9cfc5966b082cf9a028302ed4184","hash":"8a532ad7886252a7758ca74109da4ab78d531df7"}
}
